<html>
<head>
<title>TestNG:  ProductSearchTests</title>
<link href="../testng.css" rel="stylesheet" type="text/css" />
<link href="../my-testng.css" rel="stylesheet" type="text/css" />

<style type="text/css">
.log { display: none;} 
.stack-trace { display: none;} 
</style>
<script type="text/javascript">
<!--
function flip(e) {
  current = e.style.display;
  if (current == 'block') {
    e.style.display = 'none';
    return 0;
  }
  else {
    e.style.display = 'block';
    return 1;
  }
}

function toggleBox(szDivId, elem, msg1, msg2)
{
  var res = -1;  if (document.getElementById) {
    res = flip(document.getElementById(szDivId));
  }
  else if (document.all) {
    // this is the way old msie versions work
    res = flip(document.all[szDivId]);
  }
  if(elem) {
    if(res == 0) elem.innerHTML = msg1; else elem.innerHTML = msg2;
  }

}

function toggleAllBoxes() {
  if (document.getElementsByTagName) {
    d = document.getElementsByTagName('div');
    for (i = 0; i < d.length; i++) {
      if (d[i].className == 'log') {
        flip(d[i]);
      }
    }
  }
}

// -->
</script>

</head>
<body>
<h2 align='center'>ProductSearchTests</h2><table border='1' align="center">
<tr>
<td>Tests passed/Failed/Skipped:</td><td>1/2/0</td>
</tr><tr>
<td>Started on:</td><td>Fri Mar 18 11:17:00 EDT 2022</td>
</tr>
<tr><td>Total time:</td><td>28 seconds (28152 ms)</td>
</tr><tr>
<td>Included groups:</td><td></td>
</tr><tr>
<td>Excluded groups:</td><td></td>
</tr>
</table><p/>
<small><i>(Hover the method name to see the test class name)</i></small><p/>
<table width='100%' border='1' class='invocation-failed'>
<tr><td colspan='4' align='center'><b>FAILED TESTS</b></td></tr>
<tr><td><b>Test method</b></td>
<td width="30%"><b>Exception</b></td>
<td width="10%"><b>Time (seconds)</b></td>
<td><b>Instance</b></td>
</tr>
<tr>
<td title='com.automation.tests.ProductSearchTests.test_search_products()'><b>test_search_products</b><br>Test class: com.automation.tests.ProductSearchTests<br>Test method: Enter the ProductNames, and verify that top 3 products appearing correctly<br>Parameters: Bluetooth headset<br/>
<a href="#Output-1721180011" onClick='toggleBox("Output-1721180011", this, "Show output", "Hide output");'>Show output</a>

<a href="#Output-1721180011" onClick="toggleAllBoxes();">Show all outputs</a>
<div class='log' id="Output-1721180011">
<a href='C:\Users\nisha\IdeaProjects\testautomatioon/test-output/screenshots/test_search_products_2022_18_3_11_17_14.jpeg'> <img src='C:\Users\nisha\IdeaProjects\testautomatioon/test-output/screenshots/test_search_products_2022_18_3_11_17_14.jpeg' height='100' width='100'/> </a><br/>
</div>
</td>
<td><div><pre>java.lang.AssertionError: The following asserts failed:
	Search Result ProductName:Srhythm NC25 Active Noise Cancelling Headphones Bluetooth 5.0, ANC Stereo Headset Over-Ear with Hi-Fi,Mic,50H Playtime,Voice Assistant,Low Latency Game Mode contains no searched Productname:Srhythm NC25 Active Noise Cancelling Headphones Bluetooth 5.0, ANC Stereo Headset Over-Ear with Hi-Fi,Mic,50H Playtime,Voice Assistant,Low Latency Game Mode expected [true] but found [false]
	at com.automation.page.ProductPage.verifyProductSearchResults(ProductPage.java:160)
	at com.automation.tests.ProductSearchTests.test_search_products(ProductSearchTests.java:40)
	at com.intellij.rt.testng.IDEARemoteTestNG.run(IDEARemoteTestNG.java:66)
	at com.intellij.rt.testng.RemoteTestNGStarter.main(RemoteTestNGStarter.java:109)
... Removed 23 stack frames</pre></div><a href='#' onClick='toggleBox("stack-trace1721180011", this, "Click to show all stack frames", "Click to hide stack frames")'>Click to show all stack frames</a>
<div class='stack-trace' id='stack-trace1721180011'><pre>java.lang.AssertionError: The following asserts failed:
	Search Result ProductName:Srhythm NC25 Active Noise Cancelling Headphones Bluetooth 5.0, ANC Stereo Headset Over-Ear with Hi-Fi,Mic,50H Playtime,Voice Assistant,Low Latency Game Mode contains no searched Productname:Srhythm NC25 Active Noise Cancelling Headphones Bluetooth 5.0, ANC Stereo Headset Over-Ear with Hi-Fi,Mic,50H Playtime,Voice Assistant,Low Latency Game Mode expected [true] but found [false]
	at org.testng.asserts.SoftAssert.assertAll(SoftAssert.java:43)
	at com.automation.page.ProductPage.verifyProductSearchResults(ProductPage.java:160)
	at com.automation.tests.ProductSearchTests.test_search_products(ProductSearchTests.java:40)
	at java.base/jdk.internal.reflect.NativeMethodAccessorImpl.invoke0(Native Method)
	at java.base/jdk.internal.reflect.NativeMethodAccessorImpl.invoke(NativeMethodAccessorImpl.java:78)
	at java.base/jdk.internal.reflect.DelegatingMethodAccessorImpl.invoke(DelegatingMethodAccessorImpl.java:43)
	at java.base/java.lang.reflect.Method.invoke(Method.java:567)
	at org.testng.internal.MethodInvocationHelper.invokeMethod(MethodInvocationHelper.java:124)
	at org.testng.internal.Invoker.invokeMethod(Invoker.java:583)
	at org.testng.internal.Invoker.invokeTestMethod(Invoker.java:719)
	at org.testng.internal.Invoker.invokeTestMethods(Invoker.java:989)
	at org.testng.internal.TestMethodWorker.invokeTestMethods(TestMethodWorker.java:125)
	at org.testng.internal.TestMethodWorker.run(TestMethodWorker.java:109)
	at org.testng.TestRunner.privateRun(TestRunner.java:648)
	at org.testng.TestRunner.run(TestRunner.java:505)
	at org.testng.SuiteRunner.runTest(SuiteRunner.java:455)
	at org.testng.SuiteRunner.runSequentially(SuiteRunner.java:450)
	at org.testng.SuiteRunner.privateRun(SuiteRunner.java:415)
	at org.testng.SuiteRunner.run(SuiteRunner.java:364)
	at org.testng.SuiteRunnerWorker.runSuite(SuiteRunnerWorker.java:52)
	at org.testng.SuiteRunnerWorker.run(SuiteRunnerWorker.java:84)
	at org.testng.TestNG.runSuitesSequentially(TestNG.java:1208)
	at org.testng.TestNG.runSuitesLocally(TestNG.java:1137)
	at org.testng.TestNG.runSuites(TestNG.java:1049)
	at org.testng.TestNG.run(TestNG.java:1017)
	at com.intellij.rt.testng.IDEARemoteTestNG.run(IDEARemoteTestNG.java:66)
	at com.intellij.rt.testng.RemoteTestNGStarter.main(RemoteTestNGStarter.java:109)
</pre></div></td>
<td>6</td>
<td>com.automation.tests.ProductSearchTests@17211155</td></tr>
<tr>
<td title='com.automation.tests.ProductSearchTests.test_search_products()'><b>test_search_products</b><br>Test class: com.automation.tests.ProductSearchTests<br>Test method: Enter the ProductNames, and verify that top 3 products appearing correctly<br>Parameters: 34 inch LED monitor<br/>
<a href="#Output-1957282992" onClick='toggleBox("Output-1957282992", this, "Show output", "Hide output");'>Show output</a>

<a href="#Output-1957282992" onClick="toggleAllBoxes();">Show all outputs</a>
<div class='log' id="Output-1957282992">
<a href='C:\Users\nisha\IdeaProjects\testautomatioon/test-output/screenshots/test_search_products_2022_18_3_11_17_21.jpeg'> <img src='C:\Users\nisha\IdeaProjects\testautomatioon/test-output/screenshots/test_search_products_2022_18_3_11_17_21.jpeg' height='100' width='100'/> </a><br/>
</div>
</td>
<td><div><pre>java.lang.AssertionError: The following asserts failed:
	Search Result ProductName:LG Electronics 34UB88-P 34&quot; LED/LCD Monitor 34X14 HDMI USB,black contains no searched Productname:LG Electronics 34UB88-P 34&quot; LED/LCD Monitor 34X14 HDMI USB,black expected [true] but found [false],
	Search Result ProductName:SAMSUNG J791 Series 34-Inch Ultrawide QHD (3440x1440) Computer Monitor, 100Hz, Thunderbolt 3 Daisy Chain, QLED, HDMI, USB Hub, Height Adjustable Stand (LC34J791WTNXZA), White contains no searched Productname:SAMSUNG J791 Series 34-Inch Ultrawide QHD (3440x1440) Computer Monitor, 100Hz, Thunderbolt 3 Daisy Chain, QLED, HDMI, USB Hub, Height Adjustable Stand (LC34J791WTNXZA), White expected [true] but found [false]
	at com.automation.page.ProductPage.verifyProductSearchResults(ProductPage.java:160)
	at com.automation.tests.ProductSearchTests.test_search_products(ProductSearchTests.java:40)
	at com.intellij.rt.testng.IDEARemoteTestNG.run(IDEARemoteTestNG.java:66)
	at com.intellij.rt.testng.RemoteTestNGStarter.main(RemoteTestNGStarter.java:109)
... Removed 23 stack frames</pre></div><a href='#' onClick='toggleBox("stack-trace1957282992", this, "Click to show all stack frames", "Click to hide stack frames")'>Click to show all stack frames</a>
<div class='stack-trace' id='stack-trace1957282992'><pre>java.lang.AssertionError: The following asserts failed:
	Search Result ProductName:LG Electronics 34UB88-P 34&quot; LED/LCD Monitor 34X14 HDMI USB,black contains no searched Productname:LG Electronics 34UB88-P 34&quot; LED/LCD Monitor 34X14 HDMI USB,black expected [true] but found [false],
	Search Result ProductName:SAMSUNG J791 Series 34-Inch Ultrawide QHD (3440x1440) Computer Monitor, 100Hz, Thunderbolt 3 Daisy Chain, QLED, HDMI, USB Hub, Height Adjustable Stand (LC34J791WTNXZA), White contains no searched Productname:SAMSUNG J791 Series 34-Inch Ultrawide QHD (3440x1440) Computer Monitor, 100Hz, Thunderbolt 3 Daisy Chain, QLED, HDMI, USB Hub, Height Adjustable Stand (LC34J791WTNXZA), White expected [true] but found [false]
	at org.testng.asserts.SoftAssert.assertAll(SoftAssert.java:43)
	at com.automation.page.ProductPage.verifyProductSearchResults(ProductPage.java:160)
	at com.automation.tests.ProductSearchTests.test_search_products(ProductSearchTests.java:40)
	at java.base/jdk.internal.reflect.NativeMethodAccessorImpl.invoke0(Native Method)
	at java.base/jdk.internal.reflect.NativeMethodAccessorImpl.invoke(NativeMethodAccessorImpl.java:78)
	at java.base/jdk.internal.reflect.DelegatingMethodAccessorImpl.invoke(DelegatingMethodAccessorImpl.java:43)
	at java.base/java.lang.reflect.Method.invoke(Method.java:567)
	at org.testng.internal.MethodInvocationHelper.invokeMethod(MethodInvocationHelper.java:124)
	at org.testng.internal.Invoker.invokeMethod(Invoker.java:583)
	at org.testng.internal.Invoker.invokeTestMethod(Invoker.java:719)
	at org.testng.internal.Invoker.invokeTestMethods(Invoker.java:989)
	at org.testng.internal.TestMethodWorker.invokeTestMethods(TestMethodWorker.java:125)
	at org.testng.internal.TestMethodWorker.run(TestMethodWorker.java:109)
	at org.testng.TestRunner.privateRun(TestRunner.java:648)
	at org.testng.TestRunner.run(TestRunner.java:505)
	at org.testng.SuiteRunner.runTest(SuiteRunner.java:455)
	at org.testng.SuiteRunner.runSequentially(SuiteRunner.java:450)
	at org.testng.SuiteRunner.privateRun(SuiteRunner.java:415)
	at org.testng.SuiteRunner.run(SuiteRunner.java:364)
	at org.testng.SuiteRunnerWorker.runSuite(SuiteRunnerWorker.java:52)
	at org.testng.SuiteRunnerWorker.run(SuiteRunnerWorker.java:84)
	at org.testng.TestNG.runSuitesSequentially(TestNG.java:1208)
	at org.testng.TestNG.runSuitesLocally(TestNG.java:1137)
	at org.testng.TestNG.runSuites(TestNG.java:1049)
	at org.testng.TestNG.run(TestNG.java:1017)
	at com.intellij.rt.testng.IDEARemoteTestNG.run(IDEARemoteTestNG.java:66)
	at com.intellij.rt.testng.RemoteTestNGStarter.main(RemoteTestNGStarter.java:109)
</pre></div></td>
<td>6</td>
<td>com.automation.tests.ProductSearchTests@17211155</td></tr>
</table><p>
<table width='100%' border='1' class='invocation-passed'>
<tr><td colspan='4' align='center'><b>PASSED TESTS</b></td></tr>
<tr><td><b>Test method</b></td>
<td width="30%"><b>Exception</b></td>
<td width="10%"><b>Time (seconds)</b></td>
<td><b>Instance</b></td>
</tr>
<tr>
<td title='com.automation.tests.ProductSearchTests.test_sort_searched_product_by_price_high_to_low()'><b>test_sort_searched_product_by_price_high_to_low</b><br>Test class: com.automation.tests.ProductSearchTests<br>Test method: Enter the ProductNames, sort price from high to low.</td>
<td></td>
<td>7</td>
<td>com.automation.tests.ProductSearchTests@17211155</td></tr>
</table><p>
</body>
</html>