<!DOCTYPE html PUBLIC "-//W3C//DTD XHTML 1.1//EN" "http://www.w3.org/TR/xhtml11/DTD/xhtml11.dtd">
<html xmlns="http://www.w3.org/1999/xhtml">
<head>
<meta http-equiv="content-type" content="text/html; charset=UTF-8"/>
<title>TestNG Report</title>
<style type="text/css">table {margin-bottom:10px;border-collapse:collapse;empty-cells:show}th,td {border:1px solid #009;padding:.25em .5em}th {vertical-align:bottom}td {vertical-align:top}table a {font-weight:bold}.stripe td {background-color: #E6EBF9}.num {text-align:right}.passedodd td {background-color: #3F3}.passedeven td {background-color: #0A0}.skippedodd td {background-color: #DDD}.skippedeven td {background-color: #CCC}.failedodd td,.attn {background-color: #F33}.failedeven td,.stripe .attn {background-color: #D00}.stacktrace {white-space:pre;font-family:monospace}.totop {font-size:85%;text-align:center;border-bottom:2px solid #000}.invisible {display:none}</style>
</head>
<body>
<table>
<tr><th>Test</th><th># Passed</th><th># Skipped</th><th># Failed</th><th>Time (ms)</th><th>Included Groups</th><th>Excluded Groups</th></tr>
<tr><th colspan="7">Product Search Suite</th></tr>
<tr><td><a href="#t0">ProductSearchTests</a></td><td class="num">1</td><td class="num">0</td><td class="num attn">2</td><td class="num">29,347</td><td></td><td></td></tr>
</table>
<table id='summary'><thead><tr><th>Class</th><th>Method</th><th>Start</th><th>Time (ms)</th></tr></thead><tbody><tr><th colspan="4">Product Search Suite</th></tr></tbody><tbody id="t0"><tr><th colspan="4">ProductSearchTests &#8212; failed</th></tr><tr class="failedeven"><td rowspan="2">com.automation.tests.ProductSearchTests</td><td><a href="#m0">test_search_products</a></td><td rowspan="2">1647617212977</td><td rowspan="2">7637</td></tr><tr class="failedeven"><td><a href="#m1">test_search_products</a></td></tr><tr><th colspan="4">ProductSearchTests &#8212; passed</th></tr><tr class="passedeven"><td rowspan="1">com.automation.tests.ProductSearchTests</td><td><a href="#m2">test_sort_searched_product_by_price_high_to_low</a></td><td rowspan="1">1647617226297</td><td rowspan="1">8473</td></tr></tbody>
</table>
<h2>ProductSearchTests</h2><h3 id="m0">com.automation.tests.ProductSearchTests#test_search_products</h3><table class="result"><tr class="param"><th>Parameter #1</th></tr><tr class="param stripe"><td>Bluetooth headset</td></tr><tr><th>Messages</th></tr><tr><td><div class="messages"><a href='C:\Users\nisha\IdeaProjects\testautomatioon/test-output/screenshots/test_search_products_2022_18_3_11_27_0.jpeg'> <img src='C:\Users\nisha\IdeaProjects\testautomatioon/test-output/screenshots/test_search_products_2022_18_3_11_27_0.jpeg' height='100' width='100'/> </a></div></td></tr><tr><th>Exception</th></tr><tr><td><div class="stacktrace">java.lang.AssertionError: The following asserts failed:
	Search Result ProductName:Srhythm NC25 Active Noise Cancelling Headphones Bluetooth 5.0, ANC Stereo Headset Over-Ear with Hi-Fi,Mic,50H Playtime,Voice Assistant,Low Latency Game Mode contains no searched Productname:Srhythm NC25 Active Noise Cancelling Headphones Bluetooth 5.0, ANC Stereo Headset Over-Ear with Hi-Fi,Mic,50H Playtime,Voice Assistant,Low Latency Game Mode expected [true] but found [false]
	at com.automation.page.ProductPage.verifyProductSearchResults(ProductPage.java:160)
	at com.automation.tests.ProductSearchTests.test_search_products(ProductSearchTests.java:40)
... Removed 35 stack frames</div></td></tr></table><p class="totop"><a href="#summary">back to summary</a></p>
<h3 id="m1">com.automation.tests.ProductSearchTests#test_search_products</h3><table class="result"><tr class="param"><th>Parameter #1</th></tr><tr class="param stripe"><td>34 inch LED monitor</td></tr><tr><th>Messages</th></tr><tr><td><div class="messages"><a href='C:\Users\nisha\IdeaProjects\testautomatioon/test-output/screenshots/test_search_products_2022_18_3_11_27_5.jpeg'> <img src='C:\Users\nisha\IdeaProjects\testautomatioon/test-output/screenshots/test_search_products_2022_18_3_11_27_5.jpeg' height='100' width='100'/> </a></div></td></tr><tr><th>Exception</th></tr><tr><td><div class="stacktrace">java.lang.AssertionError: The following asserts failed:
	Search Result ProductName:LG Electronics 34UB88-P 34&quot; LED/LCD Monitor 34X14 HDMI USB,black contains no searched Productname:LG Electronics 34UB88-P 34&quot; LED/LCD Monitor 34X14 HDMI USB,black expected [true] but found [false],
	Search Result ProductName:LG 34&quot; UltraWide IPS FreeSync LED Monitor 2560 x 1080 21:9 34WL600-B contains no searched Productname:LG 34&quot; UltraWide IPS FreeSync LED Monitor 2560 x 1080 21:9 34WL600-B expected [true] but found [false]
	at com.automation.page.ProductPage.verifyProductSearchResults(ProductPage.java:160)
	at com.automation.tests.ProductSearchTests.test_search_products(ProductSearchTests.java:40)
... Removed 35 stack frames</div></td></tr></table><p class="totop"><a href="#summary">back to summary</a></p>
<h3 id="m2">com.automation.tests.ProductSearchTests#test_sort_searched_product_by_price_high_to_low</h3><table class="result"><tr><th class="invisible"/></tr></table><p class="totop"><a href="#summary">back to summary</a></p>
</body>
</html>
