<?xml version="1.0" encoding="UTF-8"?>
<testng-results ignored="0" total="3" passed="1" failed="2" skipped="0">
  <reporter-output>
    <line>
      <![CDATA[<a href='C:\Users\nisha\IdeaProjects\testautomatioon/test-output/screenshots/test_search_products_2022_18_3_11_27_0.jpeg'> <img src='C:\Users\nisha\IdeaProjects\testautomatioon/test-output/screenshots/test_search_products_2022_18_3_11_27_0.jpeg' height='100' width='100'/> </a>]]>
    </line>
    <line>
      <![CDATA[<a href='C:\Users\nisha\IdeaProjects\testautomatioon/test-output/screenshots/test_search_products_2022_18_3_11_27_5.jpeg'> <img src='C:\Users\nisha\IdeaProjects\testautomatioon/test-output/screenshots/test_search_products_2022_18_3_11_27_5.jpeg' height='100' width='100'/> </a>]]>
    </line>
  </reporter-output>
  <suite started-at="2022-03-18T15:26:45Z" name="Product Search Suite" finished-at="2022-03-18T15:27:14Z" duration-ms="29347">
    <groups>
    </groups>
    <test started-at="2022-03-18T15:26:45Z" name="ProductSearchTests" finished-at="2022-03-18T15:27:14Z" duration-ms="29347">
      <class name="com.automation.tests.ProductSearchTests">
        <test-method is-config="true" signature="setUp()[pri:0, instance:com.automation.tests.ProductSearchTests@4fb0f2b9]" started-at="2022-03-18T15:26:45Z" name="setUp" finished-at="2022-03-18T15:26:52Z" duration-ms="7291" status="PASS">
          <reporter-output>
          </reporter-output>
        </test-method> <!-- setUp -->
        <test-method signature="test_search_products(java.lang.String)[pri:0, instance:com.automation.tests.ProductSearchTests@4fb0f2b9]" started-at="2022-03-18T15:26:52Z" name="test_search_products" description="Enter the ProductNames, and verify that top 3 products appearing correctly" data-provider="testDataForSearchProducts" finished-at="2022-03-18T15:27:00Z" duration-ms="7637" status="FAIL">
          <params>
            <param index="0">
              <value>
                <![CDATA[Bluetooth headset]]>
              </value>
            </param>
          </params>
          <exception class="java.lang.AssertionError">
            <message>
              <![CDATA[The following asserts failed:
Search Result ProductName:Srhythm NC25 Active Noise Cancelling Headphones Bluetooth 5.0, ANC Stereo Headset Over-Ear with Hi-Fi,Mic,50H Playtime,Voice Assistant,Low Latency Game Mode contains no searched Productname:Srhythm NC25 Active Noise Cancelling Headphones Bluetooth 5.0, ANC Stereo Headset Over-Ear with Hi-Fi,Mic,50H Playtime,Voice Assistant,Low Latency Game Mode expected [true] but found [false]]]>
            </message>
            <full-stacktrace>
              <![CDATA[java.lang.AssertionError: The following asserts failed:
Search Result ProductName:Srhythm NC25 Active Noise Cancelling Headphones Bluetooth 5.0, ANC Stereo Headset Over-Ear with Hi-Fi,Mic,50H Playtime,Voice Assistant,Low Latency Game Mode contains no searched Productname:Srhythm NC25 Active Noise Cancelling Headphones Bluetooth 5.0, ANC Stereo Headset Over-Ear with Hi-Fi,Mic,50H Playtime,Voice Assistant,Low Latency Game Mode expected [true] but found [false]
at org.testng.asserts.SoftAssert.assertAll(SoftAssert.java:43)
at com.automation.page.ProductPage.verifyProductSearchResults(ProductPage.java:160)
at com.automation.tests.ProductSearchTests.test_search_products(ProductSearchTests.java:40)
at java.base/jdk.internal.reflect.NativeMethodAccessorImpl.invoke0(Native Method)
at java.base/jdk.internal.reflect.NativeMethodAccessorImpl.invoke(NativeMethodAccessorImpl.java:62)
at java.base/jdk.internal.reflect.DelegatingMethodAccessorImpl.invoke(DelegatingMethodAccessorImpl.java:43)
at java.base/java.lang.reflect.Method.invoke(Method.java:566)
at org.testng.internal.MethodInvocationHelper.invokeMethod(MethodInvocationHelper.java:124)
at org.testng.internal.Invoker.invokeMethod(Invoker.java:583)
at org.testng.internal.Invoker.invokeTestMethod(Invoker.java:719)
at org.testng.internal.Invoker.invokeTestMethods(Invoker.java:989)
at org.testng.internal.TestMethodWorker.invokeTestMethods(TestMethodWorker.java:125)
at org.testng.internal.TestMethodWorker.run(TestMethodWorker.java:109)
at org.testng.TestRunner.privateRun(TestRunner.java:648)
at org.testng.TestRunner.run(TestRunner.java:505)
at org.testng.SuiteRunner.runTest(SuiteRunner.java:455)
at org.testng.SuiteRunner.runSequentially(SuiteRunner.java:450)
at org.testng.SuiteRunner.privateRun(SuiteRunner.java:415)
at org.testng.SuiteRunner.run(SuiteRunner.java:364)
at org.testng.SuiteRunnerWorker.runSuite(SuiteRunnerWorker.java:52)
at org.testng.SuiteRunnerWorker.run(SuiteRunnerWorker.java:84)
at org.testng.TestNG.runSuitesSequentially(TestNG.java:1208)
at org.testng.TestNG.runSuitesLocally(TestNG.java:1137)
at org.testng.TestNG.runSuites(TestNG.java:1049)
at org.testng.TestNG.run(TestNG.java:1017)
at org.apache.maven.surefire.testng.TestNGExecutor.run(TestNGExecutor.java:178)
at org.apache.maven.surefire.testng.TestNGXmlTestSuite.execute(TestNGXmlTestSuite.java:92)
at org.apache.maven.surefire.testng.TestNGProvider.invoke(TestNGProvider.java:96)
at java.base/jdk.internal.reflect.NativeMethodAccessorImpl.invoke0(Native Method)
at java.base/jdk.internal.reflect.NativeMethodAccessorImpl.invoke(NativeMethodAccessorImpl.java:62)
at java.base/jdk.internal.reflect.DelegatingMethodAccessorImpl.invoke(DelegatingMethodAccessorImpl.java:43)
at java.base/java.lang.reflect.Method.invoke(Method.java:566)
at org.apache.maven.surefire.util.ReflectionUtils.invokeMethodWithArray2(ReflectionUtils.java:208)
at org.apache.maven.surefire.booter.ProviderFactory$ProviderProxy.invoke(ProviderFactory.java:159)
at org.apache.maven.surefire.booter.ProviderFactory.invokeProvider(ProviderFactory.java:87)
at org.apache.maven.surefire.booter.ForkedBooter.runSuitesInProcess(ForkedBooter.java:153)
at org.apache.maven.surefire.booter.ForkedBooter.main(ForkedBooter.java:95)
]]>
            </full-stacktrace>
          </exception> <!-- java.lang.AssertionError -->
          <reporter-output>
            <line>
              <![CDATA[<a href='C:\Users\nisha\IdeaProjects\testautomatioon/test-output/screenshots/test_search_products_2022_18_3_11_27_0.jpeg'> <img src='C:\Users\nisha\IdeaProjects\testautomatioon/test-output/screenshots/test_search_products_2022_18_3_11_27_0.jpeg' height='100' width='100'/> </a>]]>
            </line>
          </reporter-output>
        </test-method> <!-- test_search_products -->
        <test-method signature="test_search_products(java.lang.String)[pri:0, instance:com.automation.tests.ProductSearchTests@4fb0f2b9]" started-at="2022-03-18T15:27:01Z" name="test_search_products" description="Enter the ProductNames, and verify that top 3 products appearing correctly" data-provider="testDataForSearchProducts" finished-at="2022-03-18T15:27:05Z" duration-ms="4673" status="FAIL">
          <params>
            <param index="0">
              <value>
                <![CDATA[34 inch LED monitor]]>
              </value>
            </param>
          </params>
          <exception class="java.lang.AssertionError">
            <message>
              <![CDATA[The following asserts failed:
Search Result ProductName:LG Electronics 34UB88-P 34" LED/LCD Monitor 34X14 HDMI USB,black contains no searched Productname:LG Electronics 34UB88-P 34" LED/LCD Monitor 34X14 HDMI USB,black expected [true] but found [false],
Search Result ProductName:LG 34" UltraWide IPS FreeSync LED Monitor 2560 x 1080 21:9 34WL600-B contains no searched Productname:LG 34" UltraWide IPS FreeSync LED Monitor 2560 x 1080 21:9 34WL600-B expected [true] but found [false]]]>
            </message>
            <full-stacktrace>
              <![CDATA[java.lang.AssertionError: The following asserts failed:
Search Result ProductName:LG Electronics 34UB88-P 34" LED/LCD Monitor 34X14 HDMI USB,black contains no searched Productname:LG Electronics 34UB88-P 34" LED/LCD Monitor 34X14 HDMI USB,black expected [true] but found [false],
Search Result ProductName:LG 34" UltraWide IPS FreeSync LED Monitor 2560 x 1080 21:9 34WL600-B contains no searched Productname:LG 34" UltraWide IPS FreeSync LED Monitor 2560 x 1080 21:9 34WL600-B expected [true] but found [false]
at org.testng.asserts.SoftAssert.assertAll(SoftAssert.java:43)
at com.automation.page.ProductPage.verifyProductSearchResults(ProductPage.java:160)
at com.automation.tests.ProductSearchTests.test_search_products(ProductSearchTests.java:40)
at java.base/jdk.internal.reflect.NativeMethodAccessorImpl.invoke0(Native Method)
at java.base/jdk.internal.reflect.NativeMethodAccessorImpl.invoke(NativeMethodAccessorImpl.java:62)
at java.base/jdk.internal.reflect.DelegatingMethodAccessorImpl.invoke(DelegatingMethodAccessorImpl.java:43)
at java.base/java.lang.reflect.Method.invoke(Method.java:566)
at org.testng.internal.MethodInvocationHelper.invokeMethod(MethodInvocationHelper.java:124)
at org.testng.internal.Invoker.invokeMethod(Invoker.java:583)
at org.testng.internal.Invoker.invokeTestMethod(Invoker.java:719)
at org.testng.internal.Invoker.invokeTestMethods(Invoker.java:989)
at org.testng.internal.TestMethodWorker.invokeTestMethods(TestMethodWorker.java:125)
at org.testng.internal.TestMethodWorker.run(TestMethodWorker.java:109)
at org.testng.TestRunner.privateRun(TestRunner.java:648)
at org.testng.TestRunner.run(TestRunner.java:505)
at org.testng.SuiteRunner.runTest(SuiteRunner.java:455)
at org.testng.SuiteRunner.runSequentially(SuiteRunner.java:450)
at org.testng.SuiteRunner.privateRun(SuiteRunner.java:415)
at org.testng.SuiteRunner.run(SuiteRunner.java:364)
at org.testng.SuiteRunnerWorker.runSuite(SuiteRunnerWorker.java:52)
at org.testng.SuiteRunnerWorker.run(SuiteRunnerWorker.java:84)
at org.testng.TestNG.runSuitesSequentially(TestNG.java:1208)
at org.testng.TestNG.runSuitesLocally(TestNG.java:1137)
at org.testng.TestNG.runSuites(TestNG.java:1049)
at org.testng.TestNG.run(TestNG.java:1017)
at org.apache.maven.surefire.testng.TestNGExecutor.run(TestNGExecutor.java:178)
at org.apache.maven.surefire.testng.TestNGXmlTestSuite.execute(TestNGXmlTestSuite.java:92)
at org.apache.maven.surefire.testng.TestNGProvider.invoke(TestNGProvider.java:96)
at java.base/jdk.internal.reflect.NativeMethodAccessorImpl.invoke0(Native Method)
at java.base/jdk.internal.reflect.NativeMethodAccessorImpl.invoke(NativeMethodAccessorImpl.java:62)
at java.base/jdk.internal.reflect.DelegatingMethodAccessorImpl.invoke(DelegatingMethodAccessorImpl.java:43)
at java.base/java.lang.reflect.Method.invoke(Method.java:566)
at org.apache.maven.surefire.util.ReflectionUtils.invokeMethodWithArray2(ReflectionUtils.java:208)
at org.apache.maven.surefire.booter.ProviderFactory$ProviderProxy.invoke(ProviderFactory.java:159)
at org.apache.maven.surefire.booter.ProviderFactory.invokeProvider(ProviderFactory.java:87)
at org.apache.maven.surefire.booter.ForkedBooter.runSuitesInProcess(ForkedBooter.java:153)
at org.apache.maven.surefire.booter.ForkedBooter.main(ForkedBooter.java:95)
]]>
            </full-stacktrace>
          </exception> <!-- java.lang.AssertionError -->
          <reporter-output>
            <line>
              <![CDATA[<a href='C:\Users\nisha\IdeaProjects\testautomatioon/test-output/screenshots/test_search_products_2022_18_3_11_27_5.jpeg'> <img src='C:\Users\nisha\IdeaProjects\testautomatioon/test-output/screenshots/test_search_products_2022_18_3_11_27_5.jpeg' height='100' width='100'/> </a>]]>
            </line>
          </reporter-output>
        </test-method> <!-- test_search_products -->
        <test-method signature="test_sort_searched_product_by_price_high_to_low()[pri:0, instance:com.automation.tests.ProductSearchTests@4fb0f2b9]" started-at="2022-03-18T15:27:06Z" name="test_sort_searched_product_by_price_high_to_low" description="Enter the ProductNames, sort price from high to low." finished-at="2022-03-18T15:27:14Z" depends-on-methods="com.automation.tests.ProductSearchTests.test_search_products" duration-ms="8473" status="PASS">
          <reporter-output>
          </reporter-output>
        </test-method> <!-- test_sort_searched_product_by_price_high_to_low -->
        <test-method is-config="true" signature="teardown()[pri:0, instance:com.automation.tests.ProductSearchTests@4fb0f2b9]" started-at="2022-03-18T15:27:14Z" name="teardown" finished-at="2022-03-18T15:27:14Z" duration-ms="224" status="PASS">
          <reporter-output>
          </reporter-output>
        </test-method> <!-- teardown -->
      </class> <!-- com.automation.tests.ProductSearchTests -->
    </test> <!-- ProductSearchTests -->
  </suite> <!-- Product Search Suite -->
</testng-results>
